<?xml version="1.0" encoding="UTF-8"?>
<testsuite xmlns:xsi="http://www.w3.org/2001/XMLSchema-instance" xsi:noNamespaceSchemaLocation="https://maven.apache.org/surefire/maven-surefire-plugin/xsd/surefire-test-report-3.0.xsd" version="3.0" name="com.octobit8.backend.BackendApplicationTests" time="5.138" tests="1" errors="0" skipped="0" failures="0">
  <properties>
[...]
</properties>
  <testcase name="contextLoads" classname="com.octobit8.backend.BackendApplicationTests" time="2.015">
    <system-out><![CDATA[20:58:17.564 [main] INFO org.springframework.test.context.support.AnnotationConfigContextLoaderUtils -- Could not detect default configuration classes for test class [com.octobit8.backend.BackendApplicationTests]: BackendApplicationTests does not declare any static, non-private, non-final, nested classes annotated with @Configuration.
20:58:17.856 [main] INFO org.springframework.boot.test.context.SpringBootTestContextBootstrapper -- Found @SpringBootConfiguration com.octobit8.backend.BackendApplication for test class com.octobit8.backend.BackendApplicationTests

  .   ____          _            __ _ _
 /\\ / ___'_ __ _ _(_)_ __  __ _ \ \ \ \
( ( )\___ | '_ | '_| | '_ \/ _` | \ \ \ \
 \\/  ___)| |_)| | | | | || (_| |  ) ) ) )
  '  |____| .__|_| |_|_| |_\__, | / / / /
 =========|_|==============|___/=/_/_/_/
 :: Spring Boot ::                (v3.2.1)

2024-01-08T20:58:18.794+05:30  INFO 17360 --- [           main] c.o.backend.BackendApplicationTests      : Starting BackendApplicationTests using Java 17.0.7 with PID 17360 (started by Abhishek Srivastava in E:\ecomm-website-be)
2024-01-08T20:58:18.796+05:30  INFO 17360 --- [           main] c.o.backend.BackendApplicationTests      : No active profile set, falling back to 1 default profile: "default"
2024-01-08T20:58:20.250+05:30  INFO 17360 --- [           main] c.o.backend.BackendApplicationTests      : Started BackendApplicationTests in 2.049 seconds (process running for 4.207)
]]></system-out>
  </testcase>
</testsuite>